[0.000000] (-) TimerEvent: {}
[0.000458] (my_taller1) JobQueued: {'identifier': 'my_taller1', 'dependencies': OrderedDict()}
[0.001934] (taller1) JobQueued: {'identifier': 'taller1', 'dependencies': OrderedDict()}
[0.001976] (my_taller1) JobStarted: {'identifier': 'my_taller1'}
[0.019347] (taller1) JobStarted: {'identifier': 'taller1'}
[0.099550] (-) TimerEvent: {}
[0.199847] (-) TimerEvent: {}
[0.300163] (-) TimerEvent: {}
[0.400490] (-) TimerEvent: {}
[0.500865] (-) TimerEvent: {}
[0.601262] (-) TimerEvent: {}
[0.701582] (-) TimerEvent: {}
[0.801969] (-) TimerEvent: {}
[0.902293] (-) TimerEvent: {}
[1.002610] (-) TimerEvent: {}
[1.102904] (-) TimerEvent: {}
[1.203190] (-) TimerEvent: {}
[1.278146] (my_taller1) Command: {'cmd': ['/usr/bin/python3', 'setup.py', 'egg_info', '--egg-base', '../../build/my_taller1', 'build', '--build-base', '/home/yesid/Robotica/build/my_taller1/build', 'install', '--record', '/home/yesid/Robotica/build/my_taller1/install.log', '--single-version-externally-managed'], 'cwd': '/home/yesid/Robotica/src/my_taller1', 'env': {'GJS_DEBUG_TOPICS': 'JS ERROR;JS LOG', 'LESSOPEN': '| /usr/bin/lesspipe %s', 'LANGUAGE': 'es_CO:es', 'USER': 'yesid', 'XDG_SESSION_TYPE': 'wayland', 'GIT_ASKPASS': '/snap/code/119/usr/share/code/resources/app/extensions/git/dist/askpass.sh', 'SHLVL': '1', 'LD_LIBRARY_PATH': '/opt/ros/humble/opt/rviz_ogre_vendor/lib:/opt/ros/humble/lib/x86_64-linux-gnu:/opt/ros/humble/lib', 'HOME': '/home/yesid', 'CHROME_DESKTOP': 'code-url-handler.desktop', 'TERM_PROGRAM_VERSION': '1.75.1', 'DESKTOP_SESSION': 'ubuntu', 'GIO_LAUNCHED_DESKTOP_FILE': '/var/lib/snapd/desktop/applications/code_code.desktop', 'ROS_PYTHON_VERSION': '3', 'GNOME_SHELL_SESSION_MODE': 'ubuntu', 'GTK_MODULES': 'gail:atk-bridge', 'VSCODE_GIT_ASKPASS_MAIN': '/snap/code/119/usr/share/code/resources/app/extensions/git/dist/askpass-main.js', 'VSCODE_GIT_ASKPASS_NODE': '/snap/code/119/usr/share/code/code', 'MANAGERPID': '1597', 'SYSTEMD_EXEC_PID': '1799', 'IM_CONFIG_CHECK_ENV': '1', 'DBUS_SESSION_BUS_ADDRESS': 'unix:path=/run/user/1000/bus', 'COLORTERM': 'truecolor', 'GIO_LAUNCHED_DESKTOP_FILE_PID': '3192', 'IM_CONFIG_PHASE': '1', 'WAYLAND_DISPLAY': 'wayland-0', 'COLCON_PREFIX_PATH': '/home/yesid/Robotica/install', 'ROS_DISTRO': 'humble', 'LOGNAME': 'yesid', 'JOURNAL_STREAM': '8:32618', '_': '/usr/bin/colcon', 'ROS_VERSION': '2', 'XDG_SESSION_CLASS': 'user', 'USERNAME': 'yesid', 'TERM': 'xterm-256color', 'GNOME_DESKTOP_SESSION_ID': 'this-is-deprecated', 'ROS_LOCALHOST_ONLY': '0', 'PATH': '/home/yesid/.local/bin:/opt/ros/humble/bin:/home/yesid/.local/bin:/usr/local/sbin:/usr/local/bin:/usr/sbin:/usr/bin:/sbin:/bin:/usr/games:/usr/local/games:/snap/bin:/snap/bin', 'SESSION_MANAGER': 'local/yesid-HP-Pavilion-Gaming-Laptop-15-dk0xxx:@/tmp/.ICE-unix/1780,unix/yesid-HP-Pavilion-Gaming-Laptop-15-dk0xxx:/tmp/.ICE-unix/1780', 'INVOCATION_ID': '6b57c4fd929d42c3bf2a9a65c0a84031', 'XDG_MENU_PREFIX': 'gnome-', 'BAMF_DESKTOP_FILE_HINT': '/var/lib/snapd/desktop/applications/code_code.desktop', 'GNOME_SETUP_DISPLAY': ':1', 'XDG_RUNTIME_DIR': '/run/user/1000', 'GDK_BACKEND': 'x11', 'DISPLAY': ':0', 'LANG': 'es_CO.UTF-8', 'XDG_CURRENT_DESKTOP': 'Unity', 'XMODIFIERS': '@im=ibus', 'XDG_SESSION_DESKTOP': 'ubuntu', 'XAUTHORITY': '/run/user/1000/.mutter-Xwaylandauth.JAL0Z1', 'LS_COLORS': 'rs=0:di=01;34:ln=01;36:mh=00:pi=40;33:so=01;35:do=01;35:bd=40;33;01:cd=40;33;01:or=40;31;01:mi=00:su=37;41:sg=30;43:ca=30;41:tw=30;42:ow=34;42:st=37;44:ex=01;32:*.tar=01;31:*.tgz=01;31:*.arc=01;31:*.arj=01;31:*.taz=01;31:*.lha=01;31:*.lz4=01;31:*.lzh=01;31:*.lzma=01;31:*.tlz=01;31:*.txz=01;31:*.tzo=01;31:*.t7z=01;31:*.zip=01;31:*.z=01;31:*.dz=01;31:*.gz=01;31:*.lrz=01;31:*.lz=01;31:*.lzo=01;31:*.xz=01;31:*.zst=01;31:*.tzst=01;31:*.bz2=01;31:*.bz=01;31:*.tbz=01;31:*.tbz2=01;31:*.tz=01;31:*.deb=01;31:*.rpm=01;31:*.jar=01;31:*.war=01;31:*.ear=01;31:*.sar=01;31:*.rar=01;31:*.alz=01;31:*.ace=01;31:*.zoo=01;31:*.cpio=01;31:*.7z=01;31:*.rz=01;31:*.cab=01;31:*.wim=01;31:*.swm=01;31:*.dwm=01;31:*.esd=01;31:*.jpg=01;35:*.jpeg=01;35:*.mjpg=01;35:*.mjpeg=01;35:*.gif=01;35:*.bmp=01;35:*.pbm=01;35:*.pgm=01;35:*.ppm=01;35:*.tga=01;35:*.xbm=01;35:*.xpm=01;35:*.tif=01;35:*.tiff=01;35:*.png=01;35:*.svg=01;35:*.svgz=01;35:*.mng=01;35:*.pcx=01;35:*.mov=01;35:*.mpg=01;35:*.mpeg=01;35:*.m2v=01;35:*.mkv=01;35:*.webm=01;35:*.webp=01;35:*.ogm=01;35:*.mp4=01;35:*.m4v=01;35:*.mp4v=01;35:*.vob=01;35:*.qt=01;35:*.nuv=01;35:*.wmv=01;35:*.asf=01;35:*.rm=01;35:*.rmvb=01;35:*.flc=01;35:*.avi=01;35:*.fli=01;35:*.flv=01;35:*.gl=01;35:*.dl=01;35:*.xcf=01;35:*.xwd=01;35:*.yuv=01;35:*.cgm=01;35:*.emf=01;35:*.ogv=01;35:*.ogx=01;35:*.aac=00;36:*.au=00;36:*.flac=00;36:*.m4a=00;36:*.mid=00;36:*.midi=00;36:*.mka=00;36:*.mp3=00;36:*.mpc=00;36:*.ogg=00;36:*.ra=00;36:*.wav=00;36:*.oga=00;36:*.opus=00;36:*.spx=00;36:*.xspf=00;36:', 'VSCODE_GIT_IPC_HANDLE': '/run/user/1000/vscode-git-8f2986d2c0.sock', 'TERM_PROGRAM': 'vscode', 'SSH_AGENT_LAUNCHER': 'gnome-keyring', 'SSH_AUTH_SOCK': '/run/user/1000/keyring/ssh', 'GSETTINGS_SCHEMA_DIR': '/snap/code/119/usr/share/glib-2.0/schemas', 'AMENT_PREFIX_PATH': '/home/yesid/Robotica/install/taller1:/home/yesid/Robotica/install/my_taller1:/opt/ros/humble', 'ORIGINAL_XDG_CURRENT_DESKTOP': 'ubuntu:GNOME', 'SHELL': '/bin/bash', 'QT_ACCESSIBILITY': '1', 'GDMSESSION': 'ubuntu', 'LESSCLOSE': '/usr/bin/lesspipe %s %s', 'GJS_DEBUG_OUTPUT': 'stderr', 'VSCODE_GIT_ASKPASS_EXTRA_ARGS': '--ms-enable-electron-run-as-node', 'QT_IM_MODULE': 'ibus', 'PWD': '/home/yesid/Robotica/build/my_taller1', 'XDG_CONFIG_DIRS': '/etc/xdg/xdg-ubuntu:/etc/xdg', 'XDG_DATA_DIRS': '/usr/share/ubuntu:/usr/local/share/:/usr/share/:/var/lib/snapd/desktop', 'PYTHONPATH': '/home/yesid/Robotica/build/my_taller1/prefix_override:/home/yesid/Robotica/install/my_taller1/lib/python3.10/site-packages:/home/yesid/Robotica/install/taller1/lib/python3.10/site-packages:/home/yesid/Robotica/install/my_taller1/lib/python3.10/site-packages:/opt/ros/humble/lib/python3.10/site-packages:/opt/ros/humble/local/lib/python3.10/dist-packages', 'COLCON': '1'}, 'shell': False}
[1.303273] (-) TimerEvent: {}
[1.403566] (-) TimerEvent: {}
[1.503849] (-) TimerEvent: {}
[1.595634] (my_taller1) StdoutLine: {'line': b'running egg_info\n'}
[1.596785] (my_taller1) StdoutLine: {'line': b'writing ../../build/my_taller1/my_taller1.egg-info/PKG-INFO\n'}
[1.597119] (my_taller1) StdoutLine: {'line': b'writing dependency_links to ../../build/my_taller1/my_taller1.egg-info/dependency_links.txt\n'}
[1.597448] (my_taller1) StdoutLine: {'line': b'writing entry points to ../../build/my_taller1/my_taller1.egg-info/entry_points.txt\n'}
[1.597683] (my_taller1) StdoutLine: {'line': b'writing requirements to ../../build/my_taller1/my_taller1.egg-info/requires.txt\n'}
[1.597883] (my_taller1) StdoutLine: {'line': b'writing top-level names to ../../build/my_taller1/my_taller1.egg-info/top_level.txt\n'}
[1.600335] (my_taller1) StdoutLine: {'line': b"reading manifest file '../../build/my_taller1/my_taller1.egg-info/SOURCES.txt'\n"}
[1.601663] (my_taller1) StdoutLine: {'line': b"writing manifest file '../../build/my_taller1/my_taller1.egg-info/SOURCES.txt'\n"}
[1.601912] (my_taller1) StdoutLine: {'line': b'running build\n'}
[1.602038] (my_taller1) StdoutLine: {'line': b'running build_py\n'}
[1.602644] (my_taller1) StdoutLine: {'line': b'running install\n'}
[1.602968] (my_taller1) StderrLine: {'line': b'/usr/lib/python3/dist-packages/setuptools/command/install.py:34: SetuptoolsDeprecationWarning: setup.py install is deprecated. Use build and pip and other standards-based tools.\n'}
[1.603128] (my_taller1) StderrLine: {'line': b'  warnings.warn(\n'}
[1.603334] (my_taller1) StdoutLine: {'line': b'running install_lib\n'}
[1.603908] (-) TimerEvent: {}
[1.605190] (my_taller1) StdoutLine: {'line': b'running install_data\n'}
[1.605888] (my_taller1) StdoutLine: {'line': b'running install_egg_info\n'}
[1.608228] (my_taller1) StdoutLine: {'line': b"removing '/home/yesid/Robotica/install/my_taller1/lib/python3.10/site-packages/my_taller1-0.0.0-py3.10.egg-info' (and everything under it)\n"}
[1.608651] (my_taller1) StdoutLine: {'line': b'Copying ../../build/my_taller1/my_taller1.egg-info to /home/yesid/Robotica/install/my_taller1/lib/python3.10/site-packages/my_taller1-0.0.0-py3.10.egg-info\n'}
[1.612323] (my_taller1) StdoutLine: {'line': b'running install_scripts\n'}
[1.644187] (my_taller1) StdoutLine: {'line': b'Installing keyboard_teleop_hold script to /home/yesid/Robotica/install/my_taller1/lib/my_taller1\n'}
[1.644445] (my_taller1) StdoutLine: {'line': b'Installing nodo1 script to /home/yesid/Robotica/install/my_taller1/lib/my_taller1\n'}
[1.644615] (my_taller1) StdoutLine: {'line': b'Installing position script to /home/yesid/Robotica/install/my_taller1/lib/my_taller1\n'}
[1.644970] (my_taller1) StdoutLine: {'line': b"writing list of installed files to '/home/yesid/Robotica/build/my_taller1/install.log'\n"}
[1.680497] (my_taller1) CommandEnded: {'returncode': 0}
[1.704003] (-) TimerEvent: {}
[1.704820] (my_taller1) JobEnded: {'identifier': 'my_taller1', 'rc': 0}
[1.804104] (-) TimerEvent: {}
[1.904416] (-) TimerEvent: {}
[2.004716] (-) TimerEvent: {}
[2.105025] (-) TimerEvent: {}
[2.205310] (-) TimerEvent: {}
[2.305639] (-) TimerEvent: {}
[2.405943] (-) TimerEvent: {}
[2.506297] (-) TimerEvent: {}
[2.606652] (-) TimerEvent: {}
[2.706993] (-) TimerEvent: {}
[2.731401] (taller1) StderrLine: {'line': b'Traceback (most recent call last):\n  File "/usr/lib/python3/dist-packages/colcon_core/executor/__init__.py", line 91, in __call__\n    rc = await self.task(*args, **kwargs)\n  File "/usr/lib/python3/dist-packages/colcon_core/task/__init__.py", line 93, in __call__\n    return await task_method(*args, **kwargs)\n  File "/usr/lib/python3/dist-packages/colcon_ros/task/ament_python/build.py", line 105, in build\n    return await extension.build(additional_hooks=additional_hooks)\n  File "/usr/lib/python3/dist-packages/colcon_core/task/python/build.py", line 81, in build\n    available_commands = await self._get_available_commands(\n  File "/usr/lib/python3/dist-packages/colcon_core/task/python/build.py", line 171, in _get_available_commands\n    output = await check_output(\n  File "/usr/lib/python3/dist-packages/colcon_core/subprocess.py", line 128, in check_output\n    assert not rc, f\'Expected {args} to pass: {stderr_data}\'\nAssertionError: Expected [\'/usr/bin/python3\', \'setup.py\', \'--help-commands\'] to pass: \n'}
[2.732138] (taller1) JobEnded: {'identifier': 'taller1', 'rc': 1}
[2.742101] (-) EventReactorShutdown: {}
